<?xml version="1.0" encoding="UTF-8"?>
<!-- Generated by org.testng.reporters.JUnitReportReporter -->
<testsuite hostname="HIPUNL71802" name="cucumberOptions.TestRunner" tests="22" failures="0" timestamp="25 Aug 2020 04:12:47 GMT" time="18.526" errors="3">
  <testcase name="runScenario" time="0.219" classname="cucumberOptions.TestRunner"/>
  <testcase name="runScenario" time="0.870" classname="cucumberOptions.TestRunner"/>
  <testcase name="runScenario" time="0.790" classname="cucumberOptions.TestRunner"/>
  <testcase name="runScenario" time="0.172" classname="cucumberOptions.TestRunner"/>
  <testcase name="runScenario" time="0.147" classname="cucumberOptions.TestRunner">
    <error type="java.lang.AssertionError" message="expected:&lt;200&gt; but was:&lt;404&gt;">
      <![CDATA[java.lang.AssertionError: expected:<200> but was:<404>
	at org.junit.Assert.fail(Assert.java:93)
	at org.junit.Assert.failNotEquals(Assert.java:647)
	at org.junit.Assert.assertEquals(Assert.java:128)
	at org.junit.Assert.assertEquals(Assert.java:472)
	at org.junit.Assert.assertEquals(Assert.java:456)
	at utility.CommonRest.verifyStatusCode(CommonRest.java:246)
	at StepDefinations.Common_Step_definations.verifyStatusCode(Common_Step_definations.java:41)
	at ?.status code 200 should be displayed(file:///C:/Users/sdhawan/API_Project/RESTAPIFRAMEWORK/src/test/java/TestCases/Postman_POST_Liabrary_API.feature:7)
]]>
    </error>
  </testcase> <!-- runScenario -->
  <testcase name="runScenario" time="0.301" classname="cucumberOptions.TestRunner"/>
  <testcase name="runScenario" time="0.186" classname="cucumberOptions.TestRunner"/>
  <testcase name="runScenario" time="6.445" classname="cucumberOptions.TestRunner"/>
  <testcase name="runScenario" time="0.773" classname="cucumberOptions.TestRunner"/>
  <testcase name="runScenario" time="0.128" classname="cucumberOptions.TestRunner">
    <error type="java.lang.AssertionError" message="expected:&lt;404&gt; but was:&lt;200&gt;">
      <![CDATA[java.lang.AssertionError: expected:<404> but was:<200>
	at org.junit.Assert.fail(Assert.java:93)
	at org.junit.Assert.failNotEquals(Assert.java:647)
	at org.junit.Assert.assertEquals(Assert.java:128)
	at org.junit.Assert.assertEquals(Assert.java:472)
	at org.junit.Assert.assertEquals(Assert.java:456)
	at utility.CommonRest.verifyStatusCode(CommonRest.java:246)
	at StepDefinations.Common_Step_definations.verifyStatusCode(Common_Step_definations.java:41)
	at ?.status code 404 should be displayed(file:///C:/Users/sdhawan/API_Project/RESTAPIFRAMEWORK/src/test/java/TestCases/Postman_GET_Google_API.feature:17)
]]>
    </error>
  </testcase> <!-- runScenario -->
  <testcase name="runScenario" time="1.706" classname="cucumberOptions.TestRunner">
    <error type="java.lang.AssertionError" message="expected:&lt;200&gt; but was:&lt;404&gt;">
      <![CDATA[java.lang.AssertionError: expected:<200> but was:<404>
	at org.junit.Assert.fail(Assert.java:93)
	at org.junit.Assert.failNotEquals(Assert.java:647)
	at org.junit.Assert.assertEquals(Assert.java:128)
	at org.junit.Assert.assertEquals(Assert.java:472)
	at org.junit.Assert.assertEquals(Assert.java:456)
	at utility.CommonRest.verifyStatusCode(CommonRest.java:246)
	at StepDefinations.Common_Step_definations.verifyStatusCode(Common_Step_definations.java:41)
	at ?.status code 200 should be displayed(file:///C:/Users/sdhawan/API_Project/RESTAPIFRAMEWORK/src/test/java/TestCases/Postman_PUT_Google_API.feature:7)
]]>
    </error>
  </testcase> <!-- runScenario -->
  <testcase name="runScenario" time="0.198" classname="cucumberOptions.TestRunner"/>
  <testcase name="runScenario" time="0.793" classname="cucumberOptions.TestRunner"/>
  <testcase name="runScenario" time="0.814" classname="cucumberOptions.TestRunner"/>
  <testcase name="runScenario" time="0.185" classname="cucumberOptions.TestRunner"/>
  <testcase name="runScenario" time="1.570" classname="cucumberOptions.TestRunner"/>
  <testcase name="runScenario" time="0.888" classname="cucumberOptions.TestRunner"/>
  <testcase name="runScenario" time="0.223" classname="cucumberOptions.TestRunner"/>
  <testcase name="runScenario" time="0.990" classname="cucumberOptions.TestRunner"/>
  <testcase name="runScenario" time="0.159" classname="cucumberOptions.TestRunner"/>
  <testcase name="runScenario" time="0.829" classname="cucumberOptions.TestRunner"/>
  <testcase name="runScenario" time="0.140" classname="cucumberOptions.TestRunner"/>
</testsuite> <!-- cucumberOptions.TestRunner -->
